<?xml version="1.0" encoding="UTF-8"?>
<!-- Generated by org.testng.reporters.JUnitXMLReporter -->
<testsuite hostname="asd1558po01976" name="Repo Creation test" tests="5" failures="0" timestamp="1 Jul 2016 06:53:35 GMT" time="44.181" errors="0">
  <testcase name="case1" time="6.386" classname="com.qait.automation.GitHubAutomation.TestNgClass"/>
  <testcase name="case2" time="4.09" classname="com.qait.automation.GitHubAutomation.TestNgClass"/>
  <testcase name="case3" time="3.954" classname="com.qait.automation.GitHubAutomation.TestNgClass"/>
  <testcase name="case4" time="12.652" classname="com.qait.automation.GitHubAutomation.TestNgClass"/>
  <testcase name="case5" time="14.021" classname="com.qait.automation.GitHubAutomation.TestNgClass"/>
</testsuite> <!-- Repo Creation test -->
