<?xml version="1.0" encoding="UTF-8"?>
<!-- Generated by org.testng.reporters.JUnitXMLReporter -->
<testsuite hostname="asd1558po01976" name="Default test" tests="10" failures="0" timestamp="5 Jul 2016 12:11:39 GMT" time="55.188" errors="0">
  <testcase name="case1_SignIn" time="5.867" classname="com.qait.automation.GitHubAutomation.TestNgClass"/>
  <testcase name="case2_LogIn" time="8.249" classname="com.qait.automation.GitHubAutomation.TestNgClass"/>
  <testcase name="case3_CreateRepo" time="9.076" classname="com.qait.automation.GitHubAutomation.TestNgClass"/>
  <testcase name="case4_repoCreated" time="0.009" classname="com.qait.automation.GitHubAutomation.TestNgClass"/>
  <testcase name="case5_Clone_push_Validate" time="13.209" classname="com.qait.automation.GitHubAutomation.TestNgClass"/>
  <testcase name="case6_commitMsg_Validate" time="0.024" classname="com.qait.automation.GitHubAutomation.TestNgClass"/>
  <testcase name="case7_Nos_of_comits_done" time="0.015" classname="com.qait.automation.GitHubAutomation.TestNgClass"/>
  <testcase name="case8_editReadMe" time="15.4" classname="com.qait.automation.GitHubAutomation.TestNgClass"/>
  <testcase name="case9_verify_edited" time="0.009" classname="com.qait.automation.GitHubAutomation.TestNgClass"/>
  <testcase name="case10_verify_readMe" time="0.002" classname="com.qait.automation.GitHubAutomation.TestNgClass"/>
</testsuite> <!-- Default test -->
