<?xml version="1.0" encoding="UTF-8"?>
<testng-results skipped="0" failed="0" total="10" passed="10">
  <reporter-output>
  </reporter-output>
  <suite name="Default suite" duration-ms="55188" started-at="2016-07-05T12:10:44Z" finished-at="2016-07-05T12:11:39Z">
    <groups>
    </groups>
    <test name="Default test" duration-ms="55188" started-at="2016-07-05T12:10:44Z" finished-at="2016-07-05T12:11:39Z">
      <class name="com.qait.automation.GitHubAutomation.TestNgClass">
        <test-method status="PASS" signature="initialize()[pri:0, instance:com.qait.automation.GitHubAutomation.TestNgClass@5419f379]" name="initialize" is-config="true" duration-ms="3241" started-at="2016-07-05T17:40:44Z" finished-at="2016-07-05T17:40:47Z">
          <reporter-output>
          </reporter-output>
        </test-method> <!-- initialize -->
        <test-method status="PASS" signature="case1_SignIn()[pri:0, instance:com.qait.automation.GitHubAutomation.TestNgClass@5419f379]" name="case1_SignIn" duration-ms="5867" started-at="2016-07-05T17:40:47Z" finished-at="2016-07-05T17:40:53Z">
          <reporter-output>
          </reporter-output>
        </test-method> <!-- case1_SignIn -->
        <test-method status="PASS" signature="case2_LogIn()[pri:0, instance:com.qait.automation.GitHubAutomation.TestNgClass@5419f379]" name="case2_LogIn" duration-ms="8249" started-at="2016-07-05T17:40:53Z" finished-at="2016-07-05T17:41:01Z">
          <reporter-output>
          </reporter-output>
        </test-method> <!-- case2_LogIn -->
        <test-method status="PASS" signature="case3_CreateRepo()[pri:0, instance:com.qait.automation.GitHubAutomation.TestNgClass@5419f379]" name="case3_CreateRepo" duration-ms="9076" started-at="2016-07-05T17:41:01Z" finished-at="2016-07-05T17:41:10Z">
          <reporter-output>
          </reporter-output>
        </test-method> <!-- case3_CreateRepo -->
        <test-method status="PASS" signature="case4_repoCreated()[pri:0, instance:com.qait.automation.GitHubAutomation.TestNgClass@5419f379]" name="case4_repoCreated" duration-ms="9" started-at="2016-07-05T17:41:10Z" finished-at="2016-07-05T17:41:10Z">
          <reporter-output>
          </reporter-output>
        </test-method> <!-- case4_repoCreated -->
        <test-method status="PASS" signature="case5_Clone_push_Validate()[pri:0, instance:com.qait.automation.GitHubAutomation.TestNgClass@5419f379]" name="case5_Clone_push_Validate" duration-ms="13209" started-at="2016-07-05T17:41:10Z" finished-at="2016-07-05T17:41:23Z">
          <reporter-output>
          </reporter-output>
        </test-method> <!-- case5_Clone_push_Validate -->
        <test-method status="PASS" signature="case6_commitMsg_Validate()[pri:0, instance:com.qait.automation.GitHubAutomation.TestNgClass@5419f379]" name="case6_commitMsg_Validate" duration-ms="24" started-at="2016-07-05T17:41:23Z" finished-at="2016-07-05T17:41:23Z">
          <reporter-output>
          </reporter-output>
        </test-method> <!-- case6_commitMsg_Validate -->
        <test-method status="PASS" signature="case7_Nos_of_comits_done()[pri:0, instance:com.qait.automation.GitHubAutomation.TestNgClass@5419f379]" name="case7_Nos_of_comits_done" duration-ms="15" started-at="2016-07-05T17:41:23Z" finished-at="2016-07-05T17:41:23Z">
          <reporter-output>
          </reporter-output>
        </test-method> <!-- case7_Nos_of_comits_done -->
        <test-method status="PASS" signature="case8_editReadMe()[pri:0, instance:com.qait.automation.GitHubAutomation.TestNgClass@5419f379]" name="case8_editReadMe" duration-ms="15400" started-at="2016-07-05T17:41:23Z" finished-at="2016-07-05T17:41:39Z">
          <reporter-output>
          </reporter-output>
        </test-method> <!-- case8_editReadMe -->
        <test-method status="PASS" signature="case9_verify_edited()[pri:0, instance:com.qait.automation.GitHubAutomation.TestNgClass@5419f379]" name="case9_verify_edited" duration-ms="9" started-at="2016-07-05T17:41:39Z" finished-at="2016-07-05T17:41:39Z">
          <reporter-output>
          </reporter-output>
        </test-method> <!-- case9_verify_edited -->
        <test-method status="PASS" signature="case10_verify_readMe()[pri:0, instance:com.qait.automation.GitHubAutomation.TestNgClass@5419f379]" name="case10_verify_readMe" duration-ms="2" started-at="2016-07-05T17:41:39Z" finished-at="2016-07-05T17:41:39Z">
          <reporter-output>
          </reporter-output>
        </test-method> <!-- case10_verify_readMe -->
        <test-method status="PASS" signature="close()[pri:0, instance:com.qait.automation.GitHubAutomation.TestNgClass@5419f379]" name="close" is-config="true" duration-ms="64" started-at="2016-07-05T17:41:39Z" finished-at="2016-07-05T17:41:39Z">
          <reporter-output>
          </reporter-output>
        </test-method> <!-- close -->
      </class> <!-- com.qait.automation.GitHubAutomation.TestNgClass -->
    </test> <!-- Default test -->
  </suite> <!-- Default suite -->
</testng-results>
